[    0.001][SYS] capture started; markers via /tmp/jb_capture/mark file
[    0.001][ACM0] <<open /dev/ttyACM0 @ 115200 8N1>>
[    0.001][ACM1] <<open /dev/ttyACM1 @ 115200 8N1>>
[    7.124][ACM1] ~MDWRN:ZC_UDPConnRestart
[    8.177][ACM1] ~MDERR:JTime_get_rtc_time,53: err 7064
[    8.178][ACM1] [Opening: jbv1.emotorwerks.com:8042]
[    8.178][ACM1] ~MDNFO:udp_connect_jnetsvr: jbv1.emotorwerks.com, 8042, h 2
[   33.559][ACM0] $ES01C:S11,L01,T00,H40,A40,P100,F40:@|M:
[   34.261][ACM0] $ES01C:S00,L01,T00,H40,A40,P100,F40:@c?:
[   48.260][ACM1] ~AL002:40:>Oz:
[   49.263][ACM1] ~AL002:40:>Oz:
[   49.460][ACM0] $ES01C:S00,L01,T00,H40,A40,P100,F40:@c?:
[   50.317][ACM1] ~AL002:40:>Oz:
[   50.462][ACM0] $ES01C:S00,L01,T00,H40,A40,P100,F40:@c?:
[   50.467][ACM1] ~ES000::@{S:
[   62.709][ACM1] ~MDWRN:ZC_UDPConnRestart
[   63.712][ACM1] ~MDERR:JTime_get_rtc_time,53: err 7064
[   63.763][ACM1] [Opening: jbv1.emotorwerks.com:8042]
[   63.763][ACM1] ~MDNFO:udp_connect_jnetsvr: jbv1.emotorwerks.com, 8042, h 2
[   85.667][MARK] >>> USER: resetting both MCUs — capturing from boot
[  102.592][ACM1] [Ready]
[  102.592][ACM1] > ~MDNFO:gos_app_init
[  102.630][ACM1] ~MDCRI:Zn UUID EADE2FF3ADC1786E8FC6D031804B50FFFE4771F4
[  102.630][ACM1] ~MDCRI:EMWERK-JB201-1.0.38, Gecko_OS-STANDARD-4.2.6-11001, WGM160P
[  102.630][ACM1] ~MDCRI:JNetID:<0910042001180509222121623931>
[  102.630][ACM1] ~MDCRI:CU ID:<                    >
[  102.630][ACM1] ~MDCRI:EMM SERIAL:<  17EMOTORWERKS00030>
[  102.680][ACM1] ~MDCRI:cell_u:<>
[  102.680][ACM1] ~MDCRI:cell_p:<>
[  102.680][ACM1] ~MDCRI:cell_apn:<nmrx11.com.attz>
[  102.680][ACM1] ~MDCRI:cell_carrier:<1>
[  102.680][ACM1] ~MDNFO:SessID: 0
[  102.981][ACM1] ~MDERR:JTime_get_rtc_time,53: err 7064
[  103.032][ACM1] ~MDNFO:JCL_tx_hr_init Next ECL-Tx 15:2
[  103.333][ACM1] ~MDERR:JSPIUart_initUart ch # 0 Failed!
[  103.383][ACM1] ~MDERR:JSPIUart_initUart ch # 1 Failed!
[  103.383][ACM1] ~MDNFO:Couldn't find SPIFlash chip... retrying 0
[  103.433][ACM1] ~MDNFO:Found CLRC663 board, Version: 0x18
[  103.483][ACM1] ~MDNFO:Found CLRC663 board, Version: 0x1, SubVersion: 0x8
[  103.483][ACM1] %
[  103.483][ACM1] ~MDNFO:BOT:FW Init.ENC.Y/ECDAYS.90/EVT.Y/ECHTTP.Y:
[  103.483][ACM1] ~MDNFO:2 second delay
[  104.940][ACM0] *** Init Checks Passed
[  104.991][ACM0] JuiceBox JuiceBox 2.01 US:: HW:091004:: FW:200118:: Sup FW:05:: JNet Ver:07
[  104.991][ACM0] Jfirmware MFG Date:Nov 05 2020:: Time:13:04:54
[  106.530][ACM1] ~MDNFO:spi_probe_resident return status: ff
[  106.530][ACM1] ~MDERR:BT SPI error
[  106.530][ACM1] ~MDWRN:Inv EVSE msg 941:'*** Init Checks Passed', CRC 17705
[  106.530][ACM1] ~MDWRN:Inv EVSE msg 941:'JuiceBox JuiceBox 2.01 US:: HW:091004:: FW:200118:: Sup FW:05:: JNet Ver:07', CRC 49650
[  106.580][ACM1] ~MDWRN:Inv EVSE msg 941:'Jfirmware MFG Date:Nov 05 2020:: Time:13:04:54', CRC 60081
[  106.580][ACM1] ~MDWRN:JMeter_PrintTelemetryMsg Meter Not Init!
[  106.997][ACM0] $MD:NFO:GFI Circuit Line Voltage Sensed at 221
[  107.198][ACM0] $MD: DFU State 0x00
[  107.549][ACM0] $ES01C:S00,L01,T00,H40,A40,P100,F40:@c?:
[  108.587][ACM1] ~MDNFO:spi_probe_resident return status: ff
[  108.587][ACM1] ~MDERR:BT SPI error
[  108.587][ACM1] ~MDERR:JSPIUart_initUart ch # 0 Failed!
[  108.587][ACM1] ~MDERR:JSPIUart_initUart ch # 1 Failed!
[  110.644][ACM1] ~MDNFO:spi_probe_resident return status: ff
[  110.644][ACM1] ~MDERR:BT SPI error
[  112.751][ACM1] ~MDNFO:spi_probe_resident return status: ff
[  112.751][ACM1] ~MDERR:BT SPI error
[  113.303][ACM1] ~MDNFO:Gains U 5166, I 19431 PLh 3433 PLl 14912
[  113.353][ACM1] ~MDNFO:Exiting Meter init routine!
[  113.454][ACM1] ~MDNFO:Couldn't find SPIFlash chip... retrying 1
[  113.654][ACM1] ~MDERR:JSPIUart_initUart ch # 0 Failed!
[  113.654][ACM1] ~MDERR:JSPIUart_initUart ch # 1 Failed!
[  114.809][ACM1] ~MDNFO:spi_probe_resident return status: ff
[  114.809][ACM1] ~MDERR:BT SPI error
[  114.809][ACM1] ~MDNFO:Booltloader not available
[  116.665][ACM1] ~MDNFO:V1:02450/A1:00001
[  116.665][ACM1] ~MDNFO:V2:00098/A2:00001
[  116.665][ACM1] ~MDNFO:V3:00219/A3:00022
[  118.722][ACM1] ~MDERR:JSPIUart_initUart ch # 0 Failed!
[  118.722][ACM1] ~MDERR:JSPIUart_initUart ch # 1 Failed!
[  123.538][ACM1] ~MDNFO:Couldn't find SPIFlash chip... retrying 2
[  123.739][ACM1] ~MDERR:JSPIUart_initUart ch # 0 Failed!
[  123.739][ACM1] ~MDERR:JSPIUart_initUart ch # 1 Failed!
[  125.946][ACM1] ~MDNFO:relaunch_network: 0...
[  125.946][ACM1] [Associating to Hamkins-IOT]
[  127.050][ACM1] [Associated]
[  127.802][ACM1] ~MDNFO:relaunch_network: 1,2
[  127.853][ACM1] ~MDNFO:V1:02451/A1:00001
[  127.853][ACM1] ~MDNFO:V2:00099/A2:00001
[  127.853][ACM1] ~MDNFO:V3:00219/A3:00022
[  127.853][ACM1] ~MDERR:JTime_get_rtc_time,53: err 7064
[  127.853][ACM1] [Opening: jbv1.emotorwerks.com:8042]
[  127.903][ACM1] ~MDNFO:udp_connect_jnetsvr: jbv1.emotorwerks.com, 8042, h 2
[  127.903][ACM1] ~MDERR:2SVR 2(101) err 2
[  127.903][ACM1] ~MDERR:JTime_get_rtc_time,53: err 7064
[  127.903][ACM1] [Opening: jbv1.emotorwerks.com:8042]
[  127.903][ACM1] ~MDNFO:udp_connect_jnetsvr: jbv1.emotorwerks.com, 8042, h 2
[  129.508][ACM1] ~MDERR:JSPIUart_initUart ch # 0 Failed!
[  129.508][ACM1] ~MDERR:JSPIUart_initUart ch # 1 Failed!
[  129.508][ACM1] ~MDNFO: Moving to Wifi module
[  132.970][ACM1] ~MDWRN:a2z init timeout 20
[  132.970][ACM1] ~IP000::ECB:
[  133.271][ACM1] ~MDWRN:Inv EVSE msg 941:':DBG,NFO,BOT:Init FW Ver 20.01.18:', CRC 59968
[  133.283][ACM0] $MD:Back Online
[  133.283][ACM0] :DBG,NFO,BOT:Init FW Ver 20.01.18:
[  133.283][ACM0] $MD:CORD VERSION
[  133.283][ACM0] $MD: Compile Date Nov  5 2020
[  133.283][ACM0] $MD: Compile Time 13:04:43
[  133.584][ACM0] $IP002:01:Ete:
[  134.023][ACM1] ~PV002:20:?CV:
[  134.324][ACM1] ~MDNFO:Couldn't find SPIFlash chip... retrying 3
[  135.027][ACM1] ~PV002:20:?CV:
[  135.089][ACM0] $PV002:20:?Ig:
[  136.080][ACM1] ~FW000::IWx:
[  136.594][ACM0] $FW006:100102:HJP:
[  137.083][ACM1] ~HW000::Kdg:
[  137.597][ACM0] $HW011:001.0001701.A.002:ICz:
[  137.936][ACM1] ~MDNFO:V1:02451/A1:00001
[  137.987][ACM1] ~MDNFO:V2:00098/A2:00001
[  137.987][ACM1] ~MDNFO:V3:00219/A3:00022
[  138.137][ACM1] ~CR000::BS?:
[  139.191][ACM1] ~CR000::BS?:
[  139.604][ACM0] $CR004:0031:<v>:
[  140.194][ACM1] ~AZ000::>OW:
[  140.596][ACM1] ~ES000::@{S:
[  140.608][ACM0] $ES01C:S00,L01,T00,H40,A99,P100,F40:J<X:
[  141.248][ACM1] ~PS002:05:HVd:
[  141.248][ACM1] ~MDNFO:run_wifi_setup: Hamkins-IOT :: iotisstupid ::
[  141.561][ACM0] $PG002:05:Hyz:
[  143.003][ACM1] [Disassociated]
[  143.004][ACM1] ~MDERR:Failed to validate credentials: 1078 Hamkins-IOT
[  143.455][ACM1] ~MDNFO:run_wifi_setup 120 sec
[  144.358][ACM1] ~MDNFO:Couldn't find SPIFlash chip... retrying 4
[  144.559][ACM1] ~VS002:24:@vI:
[  144.571][ACM0] $VG002:24:DwZ:
[  145.562][ACM1] ~OL002:40:AzL:
[  145.574][ACM0] $ES01C:S00,L01,T00,H40,A99,P100,F40:J<X:
[  145.613][ACM1] ~ES000::@{S:
[  146.616][ACM1] ~AL002:40:>Oz:
[  147.080][ACM0] $ES01C:S00,L01,T00,H40,A40,P100,F40:@c?:
[  147.619][ACM1] ~AL002:40:>Oz:
[  148.071][ACM1] ~MDNFO:V1:02451/A1:00001
[  148.071][ACM1] ~MDNFO:V2:00098/A2:00001
[  148.071][ACM1] ~MDNFO:V3:00219/A3:00022
[  148.071][ACM1] ~ES000::@{S:
[  148.071][ACM1] ~ES000::@{S:
[  148.083][ACM0] $ES01C:S00,L01,T00,H40,A40,P100,F40:@c?:
[  154.805][ACM0] $ES01C:S11,L01,T00,H40,A40,P100,F40:@|M:
[  158.154][ACM1] ~MDNFO:V1:02452/A1:00001
[  158.204][ACM1] ~MDNFO:V2:00099/A2:00001
[  158.204][ACM1] ~MDNFO:V3:00220/A3:00022
[  168.289][ACM1] ~MDNFO:V1:02449/A1:00001
[  168.289][ACM1] ~MDNFO:V2:00098/A2:00001
[  168.289][ACM1] ~MDNFO:V3:00219/A3:00022
[  175.523][ACM0] $ES01C:S00,L01,T00,H40,A40,P100,F40:@c?:
[  175.574][ACM0] $ES01C:S02,L01,T00,H40,A40,P100,F40:JD>:
[  178.423][ACM1] ~MDNFO:V1:02450/A1:00001
[  178.423][ACM1] ~MDNFO:V2:00099/A2:00001
[  178.423][ACM1] ~MDNFO:V3:00225/A3:00022
[  188.506][ACM1] ~MDNFO:V1:02452/A1:00001
[  188.506][ACM1] ~MDNFO:V2:00099/A2:00001
[  188.556][ACM1] ~MDNFO:V3:00225/A3:00022
[  192.068][ACM1] ~AL002:40:>Oz:
[  193.121][ACM1] ~AL002:40:>Oz:
[  193.182][ACM0] $ES01C:S02,L01,T00,H40,A40,P100,F40:JD>:
[  193.222][ACM1] ~ES000::@{S:
[  198.941][ACM1] ~MDNFO:V1:02449/A1:00001
[  198.941][ACM1] ~MDNFO:V2:00099/A2:00001
[  198.991][ACM1] ~MDNFO:V3:00225/A3:00022
[  207.428][ACM0] $ES01C:S11,L01,T00,H40,A40,P100,F40:@|M:
[  209.074][ACM1] ~MDNFO:V1:02452/A1:00001
[  209.074][ACM1] ~MDNFO:V2:00098/A2:00001
[  209.074][ACM1] ~MDNFO:V3:00219/A3:00022
[  213.999][ACM0] $ES01C:S02,L01,T00,H40,A40,P100,F40:JD>:
[  218.705][ACM1] ~WR000::IWU:
[  218.715][ACM0] $WR018:004:Short Circuit Pilot:Dyw:
[  219.157][ACM1] ~MDNFO:V1:02449/A1:00001
[  219.157][ACM1] ~MDNFO:V2:00098/A2:00002
[  219.207][ACM1] ~MDNFO:V3:00219/A3:00022
[  219.810][ACM1] ~MDWRN:ZC_UDPConnRestart
[  229.290][ACM1] ~MDNFO:V1:02452/A1:00001
[  229.290][ACM1] ~MDNFO:V2:00098/A2:00001
[  229.290][ACM1] ~MDNFO:V3:00219/A3:00022
[  239.373][ACM1] ~MDNFO:V1:02448/A1:00001
[  239.423][ACM1] ~MDNFO:V2:00098/A2:00001
[  239.423][ACM1] ~MDNFO:V3:00219/A3:00022
[  249.506][ACM1] ~MDNFO:V1:65535/A1:65535
[  249.506][ACM1] ~MDNFO:V2:65535/A2:65535
[  249.506][ACM1] ~MDNFO:V3:65535/A3:65535
[  249.516][ACM0] *** Init Checks Passed
[  249.516][ACM0] JuiceBox JuiceBox 2.01 US:: HW:091004:: FW:200118:: Sup FW:05:: JNet Ver:07
[  249.533][ACM1] ~MDWRN:Inv EVSE msg 941:'*** Init Checks Passed', CRC 17705
[  249.533][ACM1] ~MDWRN:Inv EVSE msg 941:'JuiceBox JuiceBox 2.01 US:: HW:091004:: FW:200118:: Sup FW:05:: JNet Ver:07', CRC 49650
[  249.566][ACM0] Jfirmware MFG Date:Nov 05 2020:: Time:13:04:54
[  249.583][ACM1] ~MDWRN:Inv EVSE msg 941:'Jfirmware MFG Date:Nov 05 2020:: Time:13:04:54', CRC 60081
[  251.572][ACM0] $MD:NFO:GFI Circuit Line Voltage Sensed at 223
[  251.773][ACM0] $MD: DFU State 0x00
[  252.124][ACM0] $ES01C:S00,L01,T00,H40,A40,P100,F40:@c?:
[  254.751][ACM1] ~AL002:40:>Oz:
[  255.754][ACM1] ~AL002:40:>Oz:
[  255.837][ACM0] $MD:Back Online
[  255.837][ACM0] :DBG,NFO,BOT:Init FW Ver 20.01.18:
[  255.837][ACM0] $MD:CORD VERSION
[  255.837][ACM0] $MD: Compile Date Nov  5 2020
[  255.837][ACM0] $MD: Compile Time 13:04:43
[  255.855][ACM1] ~MDWRN:Inv EVSE msg 941:':DBG,NFO,BOT:Init FW Ver 20.01.18:', CRC 59968
[  256.138][ACM0] $ES01C:S00,L01,T00,H40,A40,P100,F40:@c?:
[  256.156][ACM1] ~ES000::@{S:
[  259.617][ACM1] ~MDNFO:V1:02447/A1:00001
[  259.617][ACM1] ~MDNFO:V2:00098/A2:00001
[  259.617][ACM1] ~MDNFO:V3:00219/A3:00022
[  265.637][ACM1] [Associating to Hamkins-IOT]~MD
[  265.637][ACM1] NFO:setup_finished_event_handler
[  266.841][ACM1] [Associated]
[  266.841][ACM1] ~MDERR:JTime_get_rtc_time,53: err 7064
[  266.841][ACM1] [Opening: jbv1.emotorwerks.com:8042]
[  266.891][ACM1] ~MDNFO:udp_connect_jnetsvr: jbv1.emotorwerks.com, 8042, h 2
[  269.432][ACM0] $ES01C:S11,L01,T00,H40,A40,P100,F40:@|M:
[  269.751][ACM1] ~MDNFO:V1:02444/A1:00001
[  269.751][ACM1] ~MDNFO:V2:00098/A2:00001
[  269.751][ACM1] ~MDNFO:V3:00218/A3:00022
[  271.238][ACM0] $ES01C:S00,L01,T00,H40,A40,P100,F40:@c?:
[  271.439][ACM0] $ES01C:S02,L01,T00,H40,A40,P100,F40:JD>:
[  276.457][ACM0] $ES01C:S00,L01,T00,H40,A40,P100,F40:@c?:
[  277.761][ACM0] $ES01C:S02,L01,T00,H40,A40,P100,F40:JD>:
[  278.429][ACM1] ~MDWRN:ZC_UDPConnRestart
[  279.433][ACM1] ~MDERR:JTime_get_rtc_time,53: err 7064
[  279.433][ACM1] [Opening: jbv1.emotorwerks.com:8042]
[  279.433][ACM1] ~MDNFO:udp_connect_jnetsvr: jbv1.emotorwerks.com, 8042, h 2
[  279.834][ACM1] ~MDNFO:V1:02444/A1:00001
[  279.885][ACM1] ~MDNFO:V2:00099/A2:00001
[  279.885][ACM1] ~MDNFO:V3:00224/A3:00022
[  289.968][ACM1] ~MDNFO:V1:02442/A1:00001
[  289.968][ACM1] ~MDNFO:V2:00099/A2:00001
[  289.968][ACM1] ~MDNFO:V3:00224/A3:00022
[  300.103][ACM1] ~MDNFO:V1:02445/A1:00001
[  300.103][ACM1] ~MDNFO:V2:00099/A2:00001
[  300.103][ACM1] ~MDNFO:V3:00224/A3:00022
[  302.445][ACM0] $ES01C:S11,L01,T00,H40,A40,P100,F40:@|M:
[  305.656][ACM0] $ES01C:S00,L01,T00,H40,A40,P100,F40:@c?:
[  307.362][ACM0] $ES01C:S11,L01,T00,H40,A40,P100,F40:@|M:
[  310.188][ACM1] ~MDNFO:V1:02449/A1:00001
[  310.188][ACM1] ~MDNFO:V2:00098/A2:00001
[  310.238][ACM1] ~MDNFO:V3:00219/A3:00022
[  310.974][ACM0] $WR015:105:Vehicle vent req:BJ@:
[  310.991][ACM1] ~WR000::IWU:
[  317.412][ACM1] ~AL002:40:>Oz:
[  317.463][ACM1] ~ES000::@{S:
[  317.495][ACM0] $ES01C:S05,L01,T00,H40,A40,P100,F40:GNf:
[  320.323][ACM1] ~MDNFO:V1:02449/A1:00001
[  320.323][ACM1] ~MDNFO:V2:00098/A2:00001
[  320.323][ACM1] ~MDNFO:V3:00219/A3:00022
[  322.462][ACM0] *** Init Checks Passed
[  322.462][ACM0] JuiceBox JuiceBox 2.01 US:: HW:091004:: FW:200118:: Sup FW:05:: JNet Ver:07
[  322.462][ACM0] Jfirmware MFG Date:Nov 05 2020:: Time:13:04:54
[  322.473][ACM1] ~MDWRN:Inv EVSE msg 941:'*** Init Checks Passed', CRC 17705
[  322.473][ACM1] ~MDWRN:Inv EVSE msg 941:'JuiceBox JuiceBox 2.01 US:: HW:091004:: FW:200118:: Sup FW:05:: JNet Ver:07', CRC 49650
[  322.524][ACM1] ~MDWRN:Inv EVSE msg 941:'Jfirmware MFG Date:Nov 05 2020:: Time:13:04:54', CRC 60081
[  324.519][ACM0] $MD:NFO:GFI Circuit Line Voltage Sensed at 233
[  324.720][ACM0] $MD: DFU State 0x00
[  325.071][ACM0] $ES01C:S00,L01,T00,H40,A40,P100,F40:@c?:
[  326.738][ACM1] ~MDWRN:ZC_UDPConnRestart
[  327.741][ACM1] ~MDERR:JTime_get_rtc_time,53: err 7064
[  327.741][ACM1] [Opening: jbv1.emotorwerks.com:8042]
[  327.741][ACM1] ~MDNFO:udp_connect_jnetsvr: jbv1.emotorwerks.com, 8042, h 2
[  330.401][ACM1] ~MDNFO:V1:02449/A1:00001
[  330.451][ACM1] ~MDNFO:V2:00098/A2:00001
[  330.451][ACM1] ~MDNFO:V3:00219/A3:00022
[  340.535][ACM1] ~MDNFO:V1:02444/A1:00001
[  340.535][ACM1] ~MDNFO:V2:00098/A2:00001
[  340.535][ACM1] ~MDNFO:V3:00219/A3:00022
[  350.667][ACM1] ~MDNFO:V1:02442/A1:00001
[  350.667][ACM1] ~MDNFO:V2:00098/A2:00001
[  350.667][ACM1] ~MDNFO:V3:00218/A3:00022
[  360.751][ACM1] ~MDNFO:V1:02444/A1:00001
[  360.751][ACM1] ~MDNFO:V2:00098/A2:00001
[  360.751][ACM1] ~MDNFO:V3:00219/A3:00022
[  370.885][ACM1] ~MDNFO:V1:02447/A1:00001
[  370.885][ACM1] ~MDNFO:V2:00098/A2:00001
[  370.885][ACM1] ~MDNFO:V3:00219/A3:00022
[  380.165][ACM1] ~AL002:40:>Oz:
[  380.968][ACM1] ~MDNFO:V1:02445/A1:00001
[  380.968][ACM1] ~MDNFO:V2:00098/A2:00001
[  381.018][ACM1] ~MDNFO:V3:00219/A3:00022
[  381.219][ACM1] ~AL002:40:>Oz:
[  382.223][ACM1] ~AL002:40:>Oz:
[  382.311][ACM0] $MD:Back Online
[  382.311][ACM0] :DBG,NFO,BOT:Init FW Ver 20.01.18:
[  382.311][ACM0] $MD:CORD VERSION
[  382.311][ACM0] $MD: Compile Date Nov  5 2020
[  382.311][ACM0] $MD: Compile Time 13:04:43
[  382.323][ACM1] ~MDWRN:Inv EVSE msg 941:':DBG,NFO,BOT:Init FW Ver 20.01.18:', CRC 59968
[  382.612][ACM0] $ES01C:S00,L01,T00,H40,A40,P100,F40:@c?:
[  382.624][ACM1] ~ES000::@{S:
[  383.699][MARK] >>> USER: done moving through states (tester pulls no current)
[  390.500][ACM1] ~MDWRN:ZC_UDPConnRestart
[  391.102][ACM1] ~MDNFO:V1:02448/A1:00001
[  391.102][ACM1] ~MDNFO:V2:00098/A2:00001
[  391.102][ACM1] ~MDNFO:V3:00219/A3:00022
[  391.504][ACM1] ~MDERR:JTime_get_rtc_time,53: err 7064
[  391.504][ACM1] [Opening: jbv1.emotorwerks.com:8042]
[  391.554][ACM1] ~MDNFO:udp_connect_jnetsvr: jbv1.emotorwerks.com, 8042, h 2
[  401.185][ACM1] ~MDNFO:V1:02445/A1:00001
[  401.236][ACM1] ~MDNFO:V2:00098/A2:00001
[  401.236][ACM1] ~MDNFO:V3:00219/A3:00022
[  431.423][ACM0] $ES01C:S11,L01,T00,H40,A40,P100,F40:@|M:
[  433.430][ACM0] $ES01C:S02,L01,T00,H40,A40,P100,F40:JD>:
[  442.971][ACM1] ~AL002:40:>Oz:
[  442.972][ACM1] ~MDWRN:ZC_UDPConnRestart
[  443.022][ACM1] ~ES000::@{S:
[  443.061][ACM0] $ES01C:S02,L01,T00,H40,A40,P100,F40:JD>:
[  443.714][ACM0] $ES01C:S00,L01,T00,H40,A40,P100,F40:@c?:
[  443.815][ACM0] $ES01C:S11,L01,T00,H40,A40,P100,F40:@|M:
[  443.975][ACM1] ~MDERR:JTime_get_rtc_time,53: err 7064
[  443.975][ACM1] [Opening: jbv1.emotorwerks.com:8042]
[  443.975][ACM1] ~MDNFO:udp_connect_jnetsvr: jbv1.emotorwerks.com, 8042, h 2
[  499.558][ACM1] ~MDWRN:ZC_UDPConnRestart
[  500.611][ACM1] ~MDERR:JTime_get_rtc_time,53: err 7064
[  500.611][ACM1] [Opening: jbv1.emotorwerks.com:8042]
[  500.611][ACM1] ~MDNFO:udp_connect_jnetsvr: jbv1.emotorwerks.com, 8042, h 2
[  505.728][ACM1] ~AL002:40:>Oz:
[  506.731][ACM1] ~AL002:40:>Oz:
[  506.870][ACM0] $ES01C:S11,L01,T00,H40,A40,P100,F40:@|M:
[  506.882][ACM1] ~ES000::@{S:
[  563.367][ACM1] ~MDWRN:ZC_UDPConnRestart
[  564.420][ACM1] ~MDERR:JTime_get_rtc_time,53: err 7064
[  564.420][ACM1] [Opening: jbv1.emotorwerks.com:8042]
[  564.420][ACM1] ~MDNFO:udp_connect_jnetsvr: jbv1.emotorwerks.com, 8042, h 2
[  568.484][ACM1] ~AL002:40:>Oz:
[  569.537][ACM1] ~AL002:40:>Oz:
[  569.876][ACM0] $ES01C:S11,L01,T00,H40,A40,P100,F40:@|M:
[  569.888][ACM1] ~ES000::@{S:
[  627.177][ACM1] ~MDWRN:ZC_UDPConnRestart
[  628.181][ACM1] ~MDERR:JTime_get_rtc_time,53: err 7064
[  628.231][ACM1] [Opening: jbv1.emotorwerks.com:8042]
[  628.231][ACM1] ~MDNFO:udp_connect_jnetsvr: jbv1.emotorwerks.com, 8042, h 2
[  631.241][ACM1] ~AL002:40:>Oz:
[  632.294][ACM1] ~AL002:40:>Oz:
[  632.395][ACM1] ~ES000::@{S:
[  632.430][ACM0] $ES01C:S11,L01,T00,H40,A40,P100,F40:@|M:
[  690.939][ACM1] ~MDWRN:ZC_UDPConnRestart
[  691.993][ACM1] ~MDERR:JTime_get_rtc_time,53: err 7064
[  692.043][ACM1] [Opening: jbv1.emotorwerks.com:8042]
[  692.043][ACM1] ~MDNFO:udp_connect_jnetsvr: jbv1.emotorwerks.com, 8042, h 2
[  694.050][ACM1] ~AL002:40:>Oz:
[  695.053][ACM1] ~AL002:40:>Oz:
[  695.439][ACM0] $ES01C:S11,L01,T00,H40,A40,P100,F40:@|M:
[  695.455][ACM1] ~ES000::@{S:
[  754.751][ACM1] ~MDWRN:ZC_UDPConnRestart
[  755.804][ACM1] ~MDERR:JTime_get_rtc_time,53: err 7064
[  755.804][ACM1] [Opening: jbv1.emotorwerks.com:8042]
[  755.905][ACM1] ~MDNFO:udp_connect_jnetsvr: jbv1.emotorwerks.com, 8042, h 2
[  756.808][ACM1] ~AL002:40:>Oz:
[  757.812][ACM1] ~AL002:40:>Oz:
[  757.950][ACM0] $ES01C:S11,L01,T00,H40,A40,P100,F40:@|M:
[  757.962][ACM1] ~ES000::@{S:
[  817.558][ACM1] ~MDWRN:ZC_UDPConnRestart
[  818.562][ACM1] ~MDERR:JTime_get_rtc_time,53: err 7064
[  818.562][ACM1] [Opening: jbv1.emotorwerks.com:8042]
[  818.562][ACM1] ~MDNFO:udp_connect_jnetsvr: jbv1.emotorwerks.com, 8042, h 2
[  819.566][ACM1] ~AL002:40:>Oz:
[  820.619][ACM1] ~AL002:40:>Oz:
[  820.971][ACM1] ~ES000::@{S:
[  821.009][ACM0] $ES01C:S11,L01,T00,H40,A40,P100,F40:@|M:
[  881.369][ACM1] ~MDWRN:ZC_UDPConnRestart
[  882.372][ACM1] ~AL002:40:>Oz:
[  882.372][ACM1] ~MDERR:JTime_get_rtc_time,53: err 7064
[  882.372][ACM1] [Opening: jbv1.emotorwerks.com:8042]
[  882.372][ACM1] ~MDNFO:udp_connect_jnetsvr: jbv1.emotorwerks.com, 8042, h 2
[  882.503][ACM0] $ES01C:S11,L01,T00,H40,A40,P100,F40:@|M:
[  882.523][ACM1] ~ES000::@{S:
[  945.077][ACM1] ~AL002:40:>Oz:
[  945.529][ACM1] ~ES000::@{S:
[  945.557][ACM0] $ES01C:S11,L01,T00,H40,A40,P100,F40:@|M:
[  946.131][ACM1] ~MDWRN:ZC_UDPConnRestart
[  947.184][ACM1] ~MDERR:JTime_get_rtc_time,53: err 7064
[  947.184][ACM1] [Opening: jbv1.emotorwerks.com:8042]
[  947.234][ACM1] ~MDNFO:udp_connect_jnetsvr: jbv1.emotorwerks.com, 8042, h 2
[ 1007.883][ACM1] ~AL002:40:>Oz:
[ 1008.887][ACM1] ~AL002:40:>Oz:
[ 1009.069][ACM0] $ES01C:S11,L01,T00,H40,A40,P100,F40:@|M:
[ 1009.087][ACM1] ~ES000::@{S:
[ 1010.994][ACM1] ~MDWRN:ZC_UDPConnRestart
[ 1011.997][ACM1] ~MDERR:JTime_get_rtc_time,53: err 7064
[ 1011.997][ACM1] [Opening: jbv1.emotorwerks.com:8042]
[ 1011.997][ACM1] ~MDNFO:udp_connect_jnetsvr: jbv1.emotorwerks.com, 8042, h 2
[ 1040.372][ACM0] $ES01C:S00,L01,T00,H40,A40,P100,F40:@c?:
[ 1041.776][ACM0] $ES01C:S11,L01,T00,H40,A40,P100,F40:@|M:
[ 1043.683][ACM0] $ES01C:S00,L01,T00,H40,A40,P100,F40:@c?:
[ 1045.388][ACM0] $ES01C:S11,L01,T00,H40,A40,P100,F40:@|M:
[ 1047.395][ACM0] $ES01C:S00,L01,T00,H40,A40,P100,F40:@c?:
[ 1047.495][ACM0] $ES01C:S02,L01,T00,H40,A40,P100,F40:JD>:
[ 1058.300][ACM1] ~MDWRN:ZC_UDPConnRestart
[ 1059.354][ACM1] ~MDERR:JTime_get_rtc_time,53: err 7064
[ 1059.354][ACM1] [Opening: jbv1.emotorwerks.com:8042]
[ 1059.354][ACM1] ~MDNFO:udp_connect_jnetsvr: jbv1.emotorwerks.com, 8042, h 2
[ 1070.642][ACM1] ~AL002:40:>Oz:
[ 1071.695][ACM1] ~AL002:40:>Oz:
[ 1072.077][ACM0] $ES01C:S02,L01,T00,H40,A40,P100,F40:JD>:
[ 1072.096][ACM1] ~ES000::@{S:
[ 1119.304][ACM1] ~MDWRN:ZC_UDPConnRestart
[ 1120.308][ACM1] ~MDERR:JTime_get_rtc_time,53: err 7064
[ 1120.358][ACM1] [Opening: jbv1.emotorwerks.com:8042]
[ 1120.358][ACM1] ~MDNFO:udp_connect_jnetsvr: jbv1.emotorwerks.com, 8042, h 2
[ 1133.652][ACM1] ~AL002:40:>Oz:
[ 1134.706][ACM1] ~AL002:40:>Oz:
[ 1135.107][ACM1] ~ES000::@{S:
[ 1135.140][ACM0] $ES01C:S02,L01,T00,H40,A40,P100,F40:JD>:
[ 1184.274][ACM1] ~MDWRN:ZC_UDPConnRestart
[ 1185.327][ACM1] ~MDERR:JTime_get_rtc_time,53: err 7064
[ 1185.328][ACM1] [Opening: jbv1.emotorwerks.com:8042]
[ 1185.378][ACM1] ~MDNFO:udp_connect_jnetsvr: jbv1.emotorwerks.com, 8042, h 2
[ 1196.566][ACM1] ~AL002:40:>Oz:
[ 1197.619][ACM1] ~AL002:40:>Oz:
[ 1197.651][ACM0] $ES01C:S02,L01,T00,H40,A40,P100,F40:JD>:
[ 1197.670][ACM1] ~ES000::@{S:
[ 1206.180][ACM0] $ES01C:S11,L01,T00,H40,A40,P100,F40:@|M:
[ 1212.752][ACM0] $ES01C:S02,L01,T00,H40,A40,P100,F40:JD>:
[ 1241.768][ACM1] ~MDWRN:ZC_UDPConnRestart
[ 1242.822][ACM1] ~MDERR:JTime_get_rtc_time,53: err 7064
[ 1242.822][ACM1] [Opening: jbv1.emotorwerks.com:8042]
[ 1242.872][ACM1] ~MDNFO:udp_connect_jnetsvr: jbv1.emotorwerks.com, 8042, h 2
[ 1259.227][ACM1] ~AL002:40:>Oz:
[ 1260.281][ACM1] ~AL002:40:>Oz:
[ 1260.365][ACM0] $ES01C:S02,L01,T00,H40,A40,P100,F40:JD>:
[ 1260.381][ACM1] ~ES000::@{S:
[ 1304.783][ACM1] ~MDWRN:ZC_UDPConnRestart
[ 1305.836][ACM1] ~MDERR:JTime_get_rtc_time,53: err 7064
[ 1305.837][ACM1] [Opening: jbv1.emotorwerks.com:8042]
[ 1305.837][ACM1] ~MDNFO:udp_connect_jnetsvr: jbv1.emotorwerks.com, 8042, h 2
[ 1322.292][ACM1] ~AL002:40:>Oz:
[ 1323.296][ACM1] ~AL002:40:>Oz:
[ 1323.396][ACM1] ~ES000::@{S:
[ 1323.416][ACM0] $ES01C:S02,L01,T00,H40,A40,P100,F40:JD>:
[ 1365.606][ACM0] $ES01C:S11,L01,T00,H40,A40,P100,F40:@|M:
[ 1366.792][ACM1] ~MDWRN:ZC_UDPConnRestart
[ 1366.810][ACM0] $ES01C:S11,L01,T00,H40,A40,P100,F40:@|M:
[ 1366.911][ACM0] $ES01C:S02,L01,T00,H40,A40,P100,F40:JD>:
[ 1367.795][ACM1] ~MDERR:JTime_get_rtc_time,53: err 7064
[ 1367.795][ACM1] [Opening: jbv1.emotorwerks.com:8042]
[ 1367.795][ACM1] ~MDNFO:udp_connect_jnetsvr: jbv1.emotorwerks.com, 8042, h 2
[ 1378.951][ACM0] $ES01C:S11,L01,T00,H40,A40,P100,F40:@|M:
[ 1379.252][ACM0] $ES01C:S11,L01,T00,H40,A40,P100,F40:@|M:
[ 1379.352][ACM0] $ES01C:S02,L01,T00,H40,A40,P100,F40:JD>:
[ 1379.954][ACM0] $ES01C:S11,L01,T00,H40,A40,P100,F40:@|M:
[ 1380.356][ACM0] $ES01C:S02,L01,T00,H40,A40,P100,F40:JD>:
[ 1381.911][ACM0] $ES01C:S00,L01,T00,H40,A40,P100,F40:@c?:
[ 1382.012][ACM0] $ES01C:S11,L01,T00,H40,A40,P100,F40:@|M:
[ 1382.112][ACM0] $ES01C:S02,L01,T00,H40,A40,P100,F40:JD>:
[ 1382.313][ACM0] $ES01C:S11,L01,T00,H40,A40,P100,F40:@|M:
[ 1382.413][ACM0] $ES01C:S01,L01,T00,H40,A40,P100,F40:K=b:
[ 1382.514][ACM0] $ES01C:S02,L01,T00,H40,A40,P100,F40:JD>:
[ 1382.715][ACM0] $ES01C:S00,L01,T00,H40,A40,P100,F40:@c?:
[ 1382.815][ACM0] $ES01C:S02,L01,T00,H40,A40,P100,F40:JD>:
[ 1383.016][ACM0] $ES01C:S11,L01,T00,H40,A40,P100,F40:@|M:
[ 1383.116][ACM0] $ES01C:S02,L01,T00,H40,A40,P100,F40:JD>:
[ 1383.317][ACM0] $ES01C:S02,L01,T00,H40,A40,P100,F40:JD>:
[ 1383.518][ACM0] $ES01C:S11,L01,T00,H40,A40,P100,F40:@|M:
[ 1383.618][ACM0] $ES01C:S02,L01,T00,H40,A40,P100,F40:JD>:
[ 1383.819][ACM0] $ES01C:S02,L01,T00,H40,A40,P100,F40:JD>:
[ 1384.020][ACM0] $ES01C:S11,L01,T00,H40,A40,P100,F40:@|M:
[ 1384.120][ACM0] $ES01C:S02,L01,T00,H40,A40,P100,F40:JD>:
[ 1384.321][ACM0] $ES01C:S11,L01,T00,H40,A40,P100,F40:@|M:
[ 1384.350][ACM1] ~ES000::@{S:
[ 1384.421][ACM0] $ES01C:S02,L01,T00,H40,A40,P100,F40:JD>:
[ 1384.622][ACM0] $ES01C:S01,L01,T00,H40,A40,P100,F40:K=b:
[ 1384.722][ACM0] $ES01C:S02,L01,T00,H40,A40,P100,F40:JD>:
[ 1384.923][ACM0] $ES01C:S00,L01,T00,H40,A40,P100,F40:@c?:
[ 1385.023][ACM0] $ES01C:S02,L01,T00,H40,A40,P100,F40:JD>:
[ 1385.153][ACM1] ~MDWRN:ZC_UDPConnRestart
[ 1385.224][ACM0] $ES01C:S11,L01,T00,H40,A40,P100,F40:@|M:
[ 1385.325][ACM0] $ES01C:S02,L01,T00,H40,A40,P100,F40:JD>:
[ 1385.525][ACM0] $ES01C:S11,L01,T00,H40,A40,P100,F40:@|M:
[ 1385.626][ACM0] $ES01C:S02,L01,T00,H40,A40,P100,F40:JD>:
[ 1385.826][ACM0] $ES01C:S02,L01,T00,H40,A40,P100,F40:JD>:
[ 1386.028][ACM0] $ES01C:S11,L01,T00,H40,A40,P100,F40:@|M:
[ 1386.128][ACM0] $ES01C:S02,L01,T00,H40,A40,P100,F40:JD>:
[ 1386.156][ACM1] ~MDERR:JTime_get_rtc_time,53: err 7064
[ 1386.156][ACM1] [Opening: jbv1.emotorwerks.com:8042]
[ 1386.156][ACM1] ~MDNFO:udp_connect_jnetsvr: jbv1.emotorwerks.com, 8042, h 2
[ 1400.224][ACM0] $ES01C:S11,L01,T00,H40,A40,P100,F40:@|M:
[ 1405.141][ACM0] $ES01C:S00,L01,T00,H40,A40,P100,F40:@c?:
[ 1406.646][ACM0] $ES01C:S11,L01,T00,H40,A40,P100,F40:@|M:
[ 1412.064][ACM0] $ES01C:S11,L01,T00,H40,A40,P100,F40:@|M:
[ 1412.165][ACM0] $ES01C:S02,L01,T00,H40,A40,P100,F40:JD>:
[ 1415.125][ACM0] $ES01C:S11,L01,T00,H40,A40,P100,F40:@|M:
[ 1426.240][ACM1] ~MDWRN:ZC_UDPConnRestart
[ 1427.294][ACM1] ~MDERR:JTime_get_rtc_time,53: err 7064
[ 1427.294][ACM1] [Opening: jbv1.emotorwerks.com:8042]
[ 1427.294][ACM1] ~MDNFO:udp_connect_jnetsvr: jbv1.emotorwerks.com, 8042, h 2
[ 1447.861][ACM1] ~AL002:40:>Oz:
[ 1448.915][ACM1] ~AL002:40:>Oz:
[ 1449.138][ACM0] $ES01C:S11,L01,T00,H40,A40,P100,F40:@|M:
[ 1449.166][ACM1] ~ES000::@{S:
[ 1486.758][MARK] >>> USER: more state runs, but tester AC port can't pull current
[ 1490.050][ACM1] ~MDWRN:ZC_UDPConnRestart
[ 1491.104][ACM1] ~MDERR:JTime_get_rtc_time,53: err 7064
[ 1491.104][ACM1] [Opening: jbv1.emotorwerks.com:8042]
[ 1491.154][ACM1] ~MDNFO:udp_connect_jnetsvr: jbv1.emotorwerks.com, 8042, h 2
[ 1510.618][ACM1] ~AL002:40:>Oz:
[ 1511.621][ACM1] ~AL002:40:>Oz:
[ 1511.671][ACM1] ~ES000::@{S:
[ 1511.696][ACM0] $ES01C:S11,L01,T00,H40,A40,P100,F40:@|M:
